2026-06-15T18:35:38.923Z  INFO 1 --- [main] com.structurizr.server.Local             : ***********************************************************************************
2026-06-15T18:35:38.925Z  INFO 1 --- [main] com.structurizr.server.Local             :   _____ _                   _              _          
2026-06-15T18:35:38.925Z  INFO 1 --- [main] com.structurizr.server.Local             :  / ____| |                 | |            (_)         
2026-06-15T18:35:38.925Z  INFO 1 --- [main] com.structurizr.server.Local             : | (___ | |_ _ __ _   _  ___| |_ _   _ _ __ _ _____ __ 
2026-06-15T18:35:38.925Z  INFO 1 --- [main] com.structurizr.server.Local             :  \___ \| __| '__| | | |/ __| __| | | | '__| |_  / '__|
2026-06-15T18:35:38.925Z  INFO 1 --- [main] com.structurizr.server.Local             :  ____) | |_| |  | |_| | (__| |_| |_| | |  | |/ /| |   
2026-06-15T18:35:38.925Z  INFO 1 --- [main] com.structurizr.server.Local             : |_____/ \__|_|   \__,_|\___|\__|\__,_|_|  |_/___|_|   
2026-06-15T18:35:38.925Z  INFO 1 --- [main] com.structurizr.server.Local             :                                                       
2026-06-15T18:35:38.926Z  INFO 1 --- [main] com.structurizr.server.Local             : Local v2026.05.22
2026-06-15T18:35:38.926Z  INFO 1 --- [main] com.structurizr.server.Local             : ***********************************************************************************
2026-06-15T18:35:38.927Z  INFO 1 --- [main] com.structurizr.server.Local             :  - structurizr.authentication: none
2026-06-15T18:35:38.927Z  INFO 1 --- [main] com.structurizr.server.Local             :  - structurizr.autorefreshinterval: 0
2026-06-15T18:35:38.927Z  INFO 1 --- [main] com.structurizr.server.Local             :  - structurizr.autosaveinterval: 5000
2026-06-15T18:35:38.927Z  INFO 1 --- [main] com.structurizr.server.Local             :  - structurizr.cache: none
2026-06-15T18:35:38.927Z  INFO 1 --- [main] com.structurizr.server.Local             :  - structurizr.data: file
2026-06-15T18:35:38.927Z  INFO 1 --- [main] com.structurizr.server.Local             :  - structurizr.datadirectory: /usr/local/structurizr
2026-06-15T18:35:38.928Z  INFO 1 --- [main] com.structurizr.server.Local             :  - structurizr.debug: false
2026-06-15T18:35:38.928Z  INFO 1 --- [main] com.structurizr.server.Local             :  - structurizr.editable: true
2026-06-15T18:35:38.928Z  INFO 1 --- [main] com.structurizr.server.Local             :  - structurizr.logging.filename: /usr/local/structurizr/.structurizr/logs/structurizr.log
2026-06-15T18:35:38.928Z  INFO 1 --- [main] com.structurizr.server.Local             :  - structurizr.network.timeout: 60000
2026-06-15T18:35:38.928Z  INFO 1 --- [main] com.structurizr.server.Local             :  - structurizr.network.urls.allowed: .*
2026-06-15T18:35:38.928Z  INFO 1 --- [main] com.structurizr.server.Local             :  - structurizr.search: lucene
2026-06-15T18:35:38.928Z  INFO 1 --- [main] com.structurizr.server.Local             :  - structurizr.themes: /usr/local/structurizr/themes/
2026-06-15T18:35:38.929Z  INFO 1 --- [main] com.structurizr.server.Local             :  - structurizr.workspace.maxsize: 1MB
2026-06-15T18:35:38.929Z  INFO 1 --- [main] com.structurizr.server.Local             :  - structurizr.workspace.threads: 10
2026-06-15T18:35:38.929Z  INFO 1 --- [main] com.structurizr.server.Local             :  - structurizr.workspaces: 1
2026-06-15T18:35:38.929Z  INFO 1 --- [main] com.structurizr.server.Local             : ***********************************************************************************
2026-06-15T18:35:38.930Z  INFO 1 --- [main] com.structurizr.server.Local             : Themes:
2026-06-15T18:35:38.930Z  INFO 1 --- [main] com.structurizr.server.Local             : ***********************************************************************************
2026-06-15T18:35:47.265Z  WARN 1 --- [pool-4-thread-1] com.structurizr.view.Configuration       : The Structurizr cloud service will reach its End of Life (EOL) on 30 September 2026 and this theme will not be available: https://static.structurizr.com/themes/default/theme.json
2026-06-15T18:35:47.541Z  WARN 1 --- [pool-4-thread-1] com.structurizr.view.Configuration       : The Structurizr cloud service will reach its End of Life (EOL) on 30 September 2026 and this theme will not be available: https://static.structurizr.com/themes/default/theme.json
2026-06-15T18:35:56.215Z  WARN 1 --- [http-nio-8080-exec-2] com.structurizr.view.Configuration       : The Structurizr cloud service will reach its End of Life (EOL) on 30 September 2026 and this theme will not be available: https://static.structurizr.com/themes/default/theme.json
2026-06-15T18:36:03.404Z  WARN 1 --- [http-nio-8080-exec-6] com.structurizr.view.Configuration       : The Structurizr cloud service will reach its End of Life (EOL) on 30 September 2026 and this theme will not be available: https://static.structurizr.com/themes/default/theme.json
2026-06-15T18:36:03.433Z  WARN 1 --- [http-nio-8080-exec-6] com.structurizr.view.Configuration       : The Structurizr cloud service will reach its End of Life (EOL) on 30 September 2026 and this theme will not be available: https://static.structurizr.com/themes/default/theme.json
2026-06-15T18:36:03.503Z  WARN 1 --- [http-nio-8080-exec-10] com.structurizr.view.Configuration       : The Structurizr cloud service will reach its End of Life (EOL) on 30 September 2026 and this theme will not be available: https://static.structurizr.com/themes/default/theme.json
2026-06-15T18:36:03.505Z  WARN 1 --- [http-nio-8080-exec-9] com.structurizr.view.Configuration       : The Structurizr cloud service will reach its End of Life (EOL) on 30 September 2026 and this theme will not be available: https://static.structurizr.com/themes/default/theme.json
2026-06-15T18:36:03.523Z  WARN 1 --- [http-nio-8080-exec-2] com.structurizr.view.Configuration       : The Structurizr cloud service will reach its End of Life (EOL) on 30 September 2026 and this theme will not be available: https://static.structurizr.com/themes/default/theme.json
2026-06-15T18:36:03.524Z  WARN 1 --- [http-nio-8080-exec-5] com.structurizr.view.Configuration       : The Structurizr cloud service will reach its End of Life (EOL) on 30 September 2026 and this theme will not be available: https://static.structurizr.com/themes/default/theme.json
2026-06-15T18:36:29.806Z  WARN 1 --- [http-nio-8080-exec-7] com.structurizr.view.Configuration       : The Structurizr cloud service will reach its End of Life (EOL) on 30 September 2026 and this theme will not be available: https://static.structurizr.com/themes/default/theme.json
2026-06-15T18:36:29.822Z  WARN 1 --- [http-nio-8080-exec-7] com.structurizr.view.Configuration       : The Structurizr cloud service will reach its End of Life (EOL) on 30 September 2026 and this theme will not be available: https://static.structurizr.com/themes/default/theme.json
2026-06-15T18:36:35.816Z  WARN 1 --- [http-nio-8080-exec-9] com.structurizr.view.Configuration       : The Structurizr cloud service will reach its End of Life (EOL) on 30 September 2026 and this theme will not be available: https://static.structurizr.com/themes/default/theme.json
2026-06-15T18:36:35.817Z  WARN 1 --- [http-nio-8080-exec-10] com.structurizr.view.Configuration       : The Structurizr cloud service will reach its End of Life (EOL) on 30 September 2026 and this theme will not be available: https://static.structurizr.com/themes/default/theme.json
2026-06-15T18:36:35.819Z  WARN 1 --- [http-nio-8080-exec-5] com.structurizr.view.Configuration       : The Structurizr cloud service will reach its End of Life (EOL) on 30 September 2026 and this theme will not be available: https://static.structurizr.com/themes/default/theme.json
2026-06-15T18:36:35.820Z  WARN 1 --- [http-nio-8080-exec-2] com.structurizr.view.Configuration       : The Structurizr cloud service will reach its End of Life (EOL) on 30 September 2026 and this theme will not be available: https://static.structurizr.com/themes/default/theme.json
2026-06-15T18:36:36.248Z  WARN 1 --- [http-nio-8080-exec-6] com.structurizr.view.Configuration       : The Structurizr cloud service will reach its End of Life (EOL) on 30 September 2026 and this theme will not be available: https://static.structurizr.com/themes/default/theme.json
2026-06-15T18:37:22.695Z  WARN 1 --- [http-nio-8080-exec-7] com.structurizr.view.Configuration       : The Structurizr cloud service will reach its End of Life (EOL) on 30 September 2026 and this theme will not be available: https://static.structurizr.com/themes/default/theme.json
2026-06-15T18:37:22.696Z  WARN 1 --- [http-nio-8080-exec-4] com.structurizr.view.Configuration       : The Structurizr cloud service will reach its End of Life (EOL) on 30 September 2026 and this theme will not be available: https://static.structurizr.com/themes/default/theme.json
2026-06-15T18:37:35.908Z  WARN 1 --- [http-nio-8080-exec-9] com.structurizr.view.Configuration       : The Structurizr cloud service will reach its End of Life (EOL) on 30 September 2026 and this theme will not be available: https://static.structurizr.com/themes/default/theme.json
2026-06-15T18:37:36.766Z  WARN 1 --- [http-nio-8080-exec-2] com.structurizr.view.Configuration       : The Structurizr cloud service will reach its End of Life (EOL) on 30 September 2026 and this theme will not be available: https://static.structurizr.com/themes/default/theme.json
2026-06-15T18:37:36.768Z  WARN 1 --- [http-nio-8080-exec-3] com.structurizr.view.Configuration       : The Structurizr cloud service will reach its End of Life (EOL) on 30 September 2026 and this theme will not be available: https://static.structurizr.com/themes/default/theme.json
2026-06-15T18:38:23.063Z  WARN 1 --- [http-nio-8080-exec-6] com.structurizr.view.Configuration       : The Structurizr cloud service will reach its End of Life (EOL) on 30 September 2026 and this theme will not be available: https://static.structurizr.com/themes/default/theme.json
2026-06-15T18:39:55.962Z  INFO 1 --- [SpringApplicationShutdownHook] com.structurizr.server.AbstractServer    : ********************************************************
2026-06-15T18:39:55.963Z  INFO 1 --- [SpringApplicationShutdownHook] com.structurizr.server.AbstractServer    :  Stopping Structurizr
2026-06-15T18:39:55.963Z  INFO 1 --- [SpringApplicationShutdownHook] com.structurizr.server.AbstractServer    : ********************************************************
